[35m[1mScanning dependencies of target _planning_generate_messages_check_deps_PathReferenceElement[0m
[35m[1mScanning dependencies of target std_msgs_generate_messages_cpp[0m
[35m[1mScanning dependencies of target _planning_generate_messages_check_deps_PathReference[0m
[35m[1mScanning dependencies of target nav_msgs_generate_messages_cpp[0m
[35m[1mScanning dependencies of target std_msgs_generate_messages_py[0m
[35m[1mScanning dependencies of target nav_msgs_generate_messages_py[0m
[35m[1mScanning dependencies of target geometry_msgs_generate_messages_cpp[0m
[35m[1mScanning dependencies of target geometry_msgs_generate_messages_py[0m
[35m[1mScanning dependencies of target nav_msgs_generate_messages_nodejs[0m
[35m[1mScanning dependencies of target geometry_msgs_generate_messages_nodejs[0m
[35m[1mScanning dependencies of target std_msgs_generate_messages_nodejs[0m
[  0%] Built target std_msgs_generate_messages_cpp
[  0%] Built target geometry_msgs_generate_messages_cpp
[  0%] Built target nav_msgs_generate_messages_cpp
[  0%] Built target std_msgs_generate_messages_py
[  0%] Built target nav_msgs_generate_messages_py
[  0%] Built target nav_msgs_generate_messages_nodejs
[  0%] Built target geometry_msgs_generate_messages_py
[35m[1mScanning dependencies of target geometry_msgs_generate_messages_lisp[0m
[35m[1mScanning dependencies of target std_msgs_generate_messages_lisp[0m
[35m[1mScanning dependencies of target std_msgs_generate_messages_eus[0m
[35m[1mScanning dependencies of target nav_msgs_generate_messages_lisp[0m
[  0%] Built target std_msgs_generate_messages_nodejs
[  0%] Built target geometry_msgs_generate_messages_nodejs
[35m[1mScanning dependencies of target geometry_msgs_generate_messages_eus[0m
[35m[1mScanning dependencies of target nav_msgs_generate_messages_eus[0m
[  0%] Built target std_msgs_generate_messages_lisp
[  0%] Built target nav_msgs_generate_messages_lisp
[  0%] Built target std_msgs_generate_messages_eus
[  0%] Built target geometry_msgs_generate_messages_eus
[  0%] Built target geometry_msgs_generate_messages_lisp
[  0%] Built target nav_msgs_generate_messages_eus
[  0%] Built target _planning_generate_messages_check_deps_PathReference
[  0%] Built target _planning_generate_messages_check_deps_PathReferenceElement
[35m[1mScanning dependencies of target planning_generate_messages_nodejs[0m
[35m[1mScanning dependencies of target planning_generate_messages_py[0m
[35m[1mScanning dependencies of target planning_generate_messages_eus[0m
[  8%] [34m[1mGenerating Javascript code from planning/PathReferenceElement.msg[0m
[35m[1mScanning dependencies of target planning_generate_messages_cpp[0m
[35m[1mScanning dependencies of target planning_generate_messages_lisp[0m
[ 16%] [34m[1mGenerating Python from MSG planning/PathReference[0m
[ 25%] [34m[1mGenerating Javascript code from planning/PathReference.msg[0m
[ 41%] [34m[1mGenerating EusLisp code from planning/PathReference.msg[0m
[ 41%] [34m[1mGenerating EusLisp code from planning/PathReferenceElement.msg[0m
[ 50%] [34m[1mGenerating Lisp code from planning/PathReferenceElement.msg[0m
[ 58%] [34m[1mGenerating Lisp code from planning/PathReference.msg[0m
[ 66%] [34m[1mGenerating EusLisp manifest code for planning[0m
[ 75%] [34m[1mGenerating C++ code from planning/PathReference.msg[0m
[ 83%] [34m[1mGenerating C++ code from planning/PathReferenceElement.msg[0m
[ 91%] [34m[1mGenerating Python from MSG planning/PathReferenceElement[0m
[ 91%] Built target planning_generate_messages_nodejs
[ 91%] Built target planning_generate_messages_lisp
[ 91%] Built target planning_generate_messages_cpp
[100%] [34m[1mGenerating Python msg __init__.py for planning[0m
[100%] Built target planning_generate_messages_py
[100%] Built target planning_generate_messages_eus
[35m[1mScanning dependencies of target planning_generate_messages[0m
[100%] Built target planning_generate_messages
