Symlinking /home/foscar/Molit_2025-main/devel/include/planning/PathReference.h
Symlinking /home/foscar/Molit_2025-main/devel/include/planning/PathReferenceElement.h
Symlinking /home/foscar/Molit_2025-main/devel/lib/python3/dist-packages/planning/__init__.py
Symlinking /home/foscar/Molit_2025-main/devel/lib/python3/dist-packages/planning/msg/__init__.py
Symlinking /home/foscar/Molit_2025-main/devel/lib/python3/dist-packages/planning/msg/_PathReference.py
Symlinking /home/foscar/Molit_2025-main/devel/lib/python3/dist-packages/planning/msg/_PathReferenceElement.py
Symlinking /home/foscar/Molit_2025-main/devel/lib/pkgconfig/planning.pc
Symlinking /home/foscar/Molit_2025-main/devel/lib/planning/planner.py
Symlinking /home/foscar/Molit_2025-main/devel/share/gennodejs/ros/planning/_index.js
Symlinking /home/foscar/Molit_2025-main/devel/share/gennodejs/ros/planning/msg/_index.js
Symlinking /home/foscar/Molit_2025-main/devel/share/gennodejs/ros/planning/msg/PathReference.js
Symlinking /home/foscar/Molit_2025-main/devel/share/gennodejs/ros/planning/msg/PathReferenceElement.js
Symlinking /home/foscar/Molit_2025-main/devel/share/roseus/ros/planning/manifest.l
Symlinking /home/foscar/Molit_2025-main/devel/share/roseus/ros/planning/msg/PathReference.l
Symlinking /home/foscar/Molit_2025-main/devel/share/roseus/ros/planning/msg/PathReferenceElement.l
Symlinking /home/foscar/Molit_2025-main/devel/share/planning/cmake/planning-msg-paths.cmake
Symlinking /home/foscar/Molit_2025-main/devel/share/planning/cmake/planningConfig-version.cmake
Symlinking /home/foscar/Molit_2025-main/devel/share/planning/cmake/planningConfig.cmake
Symlinking /home/foscar/Molit_2025-main/devel/share/planning/cmake/planning-msg-extras.cmake
Symlinking /home/foscar/Molit_2025-main/devel/share/common-lisp/ros/planning/msg/PathReferenceElement.lisp
Symlinking /home/foscar/Molit_2025-main/devel/share/common-lisp/ros/planning/msg/_package_PathReference.lisp
Symlinking /home/foscar/Molit_2025-main/devel/share/common-lisp/ros/planning/msg/_package_PathReferenceElement.lisp
Symlinking /home/foscar/Molit_2025-main/devel/share/common-lisp/ros/planning/msg/planning-msg.asd
Symlinking /home/foscar/Molit_2025-main/devel/share/common-lisp/ros/planning/msg/PathReference.lisp
Symlinking /home/foscar/Molit_2025-main/devel/share/common-lisp/ros/planning/msg/_package.lisp
