Symlinking /home/foscar/Molit_2025-main/devel/include/gps/InitializePoseResponse.h
Symlinking /home/foscar/Molit_2025-main/devel/include/gps/InitializePose.h
Symlinking /home/foscar/Molit_2025-main/devel/include/gps/InitializePoseRequest.h
Symlinking /home/foscar/Molit_2025-main/devel/lib/python3/dist-packages/gps/__init__.py
Symlinking /home/foscar/Molit_2025-main/devel/lib/python3/dist-packages/gps/srv/__init__.py
Symlinking /home/foscar/Molit_2025-main/devel/lib/python3/dist-packages/gps/srv/_InitializePose.py
Symlinking /home/foscar/Molit_2025-main/devel/lib/pkgconfig/gps.pc
Symlinking /home/foscar/Molit_2025-main/devel/lib/gps/gps_to_utmk.py
Symlinking /home/foscar/Molit_2025-main/devel/share/gennodejs/ros/gps/_index.js
Symlinking /home/foscar/Molit_2025-main/devel/share/gennodejs/ros/gps/srv/InitializePose.js
Symlinking /home/foscar/Molit_2025-main/devel/share/gennodejs/ros/gps/srv/_index.js
Symlinking /home/foscar/Molit_2025-main/devel/share/gps/cmake/gps-msg-extras.cmake
Symlinking /home/foscar/Molit_2025-main/devel/share/gps/cmake/gps-msg-paths.cmake
Symlinking /home/foscar/Molit_2025-main/devel/share/gps/cmake/gpsConfig-version.cmake
Symlinking /home/foscar/Molit_2025-main/devel/share/gps/cmake/gpsConfig.cmake
Symlinking /home/foscar/Molit_2025-main/devel/share/roseus/ros/gps/manifest.l
Symlinking /home/foscar/Molit_2025-main/devel/share/roseus/ros/gps/srv/InitializePose.l
Symlinking /home/foscar/Molit_2025-main/devel/share/common-lisp/ros/gps/srv/_package_InitializePose.lisp
Symlinking /home/foscar/Molit_2025-main/devel/share/common-lisp/ros/gps/srv/gps-srv.asd
Symlinking /home/foscar/Molit_2025-main/devel/share/common-lisp/ros/gps/srv/InitializePose.lisp
Symlinking /home/foscar/Molit_2025-main/devel/share/common-lisp/ros/gps/srv/_package.lisp
