[35m[1mScanning dependencies of target std_msgs_generate_messages_py[0m
[35m[1mScanning dependencies of target geometry_msgs_generate_messages_cpp[0m
[35m[1mScanning dependencies of target std_msgs_generate_messages_nodejs[0m
[35m[1mScanning dependencies of target std_msgs_generate_messages_eus[0m
[35m[1mScanning dependencies of target std_msgs_generate_messages_lisp[0m
[35m[1mScanning dependencies of target geometry_msgs_generate_messages_lisp[0m
[35m[1mScanning dependencies of target geometry_msgs_generate_messages_eus[0m
[35m[1mScanning dependencies of target std_msgs_generate_messages_cpp[0m
[35m[1mScanning dependencies of target geometry_msgs_generate_messages_py[0m
[35m[1mScanning dependencies of target _gps_generate_messages_check_deps_InitializePose[0m
[35m[1mScanning dependencies of target geometry_msgs_generate_messages_nodejs[0m
[  0%] Built target std_msgs_generate_messages_py
[  0%] Built target geometry_msgs_generate_messages_lisp
[  0%] Built target std_msgs_generate_messages_nodejs
[  0%] Built target geometry_msgs_generate_messages_py
[  0%] Built target geometry_msgs_generate_messages_eus
[  0%] Built target std_msgs_generate_messages_lisp
[  0%] Built target std_msgs_generate_messages_cpp
[  0%] Built target geometry_msgs_generate_messages_cpp
[  0%] Built target std_msgs_generate_messages_eus
[  0%] Built target geometry_msgs_generate_messages_nodejs
[  0%] Built target _gps_generate_messages_check_deps_InitializePose
[35m[1mScanning dependencies of target gps_generate_messages_eus[0m
[35m[1mScanning dependencies of target gps_generate_messages_cpp[0m
[35m[1mScanning dependencies of target gps_generate_messages_lisp[0m
[35m[1mScanning dependencies of target gps_generate_messages_nodejs[0m
[35m[1mScanning dependencies of target gps_generate_messages_py[0m
[ 14%] [34m[1mGenerating EusLisp manifest code for gps[0m
[ 28%] [34m[1mGenerating EusLisp code from gps/InitializePose.srv[0m
[ 42%] [34m[1mGenerating C++ code from gps/InitializePose.srv[0m
[ 57%] [34m[1mGenerating Lisp code from gps/InitializePose.srv[0m
[ 71%] [34m[1mGenerating Python code from SRV gps/InitializePose[0m
[ 85%] [34m[1mGenerating Javascript code from gps/InitializePose.srv[0m
[ 85%] Built target gps_generate_messages_lisp
[ 85%] Built target gps_generate_messages_nodejs
[100%] [34m[1mGenerating Python srv __init__.py for gps[0m
[100%] Built target gps_generate_messages_cpp
[100%] Built target gps_generate_messages_py
[100%] Built target gps_generate_messages_eus
[35m[1mScanning dependencies of target gps_generate_messages[0m
[100%] Built target gps_generate_messages
